start: s
accept: ac
reject: rj
blank: _

s 0 -> find_end 0 >
s 1 -> find_end 1 >

find_end 0 -> find_end 0 >
find_end 1 -> find_end 1 >
find_end _ -> find_first_number _ <

find_first_number 0 -> clone_zero S >
find_first_number 1 -> clone_one S >
find_first_number _ -> finish _ >

clone_zero 0 -> clone_zero 0 >
clone_zero 1 -> clone_zero 1 >
clone_zero _ -> find_support_zero 0 <

clone_one 0 -> clone_one 0 >
clone_one 1 -> clone_one 1 >
clone_one _ -> find_support_one 1 <

find_support_zero 0 -> find_support_zero 0 <
find_support_zero 1 -> find_support_zero 1 <
find_support_zero S -> find_first_number 0 <

find_support_one 0 -> find_support_one 0 <
find_support_one 1 -> find_support_one 1 <
find_support_one S -> find_first_number 1 <

finish 0 -> ac 0 ^
finish 1 -> ac 1 ^
